big_int_input_test:
  xor eax,eax
  mov [ebp+40],eax
  xor eax,eax
  mov [ebp+48],eax
  xor eax,eax
  mov [ebp+76],eax
  mov eax,[ebp+1020]
  mov edx,eax
  mov eax, 0
  cmp edx,eax
  je .P6
  mov eax,[ebp+36]
  mov edx,eax
  mov eax,[ebp+1020]
  cmp edx,eax
  jae .P8
  mov ebx,[ebp+36]
  add ebx,[ebp+220]
  mov ebx,[ebx]
  and ebx,0x000000ff
  mov eax,ebx
  mov edx,eax
  cmp edx,eax
  jne .P7
  mov eax,[ebp+36]
  inc eax
  mov [ebp+36],eax
  mov ebx,[ebp+36]
  add ebx,[ebp+220]
  mov ebx,[ebx]
  and ebx,0x000000ff
  mov eax,ebx
  mov edx,eax
  cmp edx,eax
  jne .P7
  mov eax,[ebp+36]
  inc eax
  mov [ebp+36],eax
  mov [ebp+48],eax
  mov [ebp+20],eax
.P10:
  mov eax,[ebp+48]
  mov edx,eax
  mov eax,[ebp+1020]
  cmp edx,eax
  je .P11
  mov ebx,[ebp+48]
  add ebx,[ebp+220]
  mov ebx,[ebx]
  and ebx,0x000000ff
  mov eax,ebx
  mov edx,eax
  cmp edx,eax
  je .P11
  mov ebx,[ebp+48]
  add ebx,[ebp+220]
  mov ebx,[ebx]
  and ebx,0x000000ff
  mov eax,ebx
  mov edx,eax
  mov eax, 10
  cmp edx,eax
  je .P11
  xor edx,edx
  mov ebx,[ebp+48]
  add ebx,[ebp+220]
  mov ebx,[ebx]
  and ebx,0x000000ff
  mov ebx,ebx
  div ebx
  mov [ebp+108],edx
