big_int_input:
  xor eax,eax
  mov [ebp+40],eax
  xor eax,eax
  mov [ebp+48],eax
  mov eax,[ebp+1020]
  mov edx,eax
  mov eax,0
  cmp edx,eax
  je .P6
  mov ebx,[ebp+36]
  add ebx,[ebp+220]
  mov ebx,[ebx]
  and ebx,0x000000ff
  mov eax,ebx
  mov edx,eax
  mov eax,48
  cmp edx,eax
  jne .P7
  mov eax,[ebp+36]
  inc eax
  mov [ebp+36],eax
  mov ebx,[ebp+36]
  add ebx,[ebp+220]
  mov ebx,[ebx]
  and ebx,0x000000ff
  mov eax,ebx
  mov edx,eax
  mov eax,120
  cmp edx,eax
  jne .P7
  mov eax,[ebp+36]
  inc eax
  mov [ebp+36],eax
  mov [ebp+48],eax
.P10:
  mov ebx,[ebp+48]
  add ebx,[ebp+220]
  mov ebx,[ebx]
  and ebx,0x000000ff
  mov eax,ebx
  mov edx,eax
  mov eax,10
  cmp edx,eax
  je .P11
  mov ebx,[ebp+48]
  add ebx,[ebp+220]
  mov ebx,[ebx]
  and ebx,0x000000ff
  mov eax,ebx
  mov edx,eax
  mov eax,32
  cmp edx,eax
  je .P11
  mov eax,[ebp+48]
  inc eax
  mov [ebp+48],eax
  jmp .P10
.P11:
  mov eax,[ebp+48]
  sub eax,[ebp+36]
  mov [ebp+48],eax
  mov eax,[ebp+48]
  mov ebx,8
  xor edx,edx
  div ebx
  mov [ebp+108],edx
  mov [ebp+80],eax
  mov eax,[ebp+80]
  mov [ebp+1024],eax
  mov eax,[ebp+48]
  mov ebx,8
  xor edx,edx
  div ebx
  mov [ebp+108],eax
  mov eax,edx
  mov [ebp+80],eax
  mov eax,[ebp+1024]
  sub eax,1
  mov [ebp+48],eax
