main:
  mov byte[ebp+121],0
  mov ebx,[_addrbim]
  mov [ebp+220],ebx
  mov [ebp+620],dword 100*4
  add [_addrbim],dword 400
  mov [ebp+1020],dword 0
  call _addmem
  mov byte[ebp+122],0
  mov ebx,[_addrbim]
  mov [ebp+224],ebx
  mov [ebp+624],dword 100*4
  add [_addrbim],dword 400
  mov [ebp+1024],dword 0
  call _addmem
  mov byte[ebp+123],0
  mov ebx,[_addrbim]
  mov [ebp+228],ebx
  mov [ebp+628],dword 100*4
  add [_addrbim],dword 400
  mov [ebp+1028],dword 0
  call _addmem
  xor eax,eax
  mov [ebp+1028],eax
